0 info it worked if it ends with ok
1 verbose cli [ 'C:\\Program Files\\nodejs\\node.exe',
1 verbose cli   'C:\\Users\\chris\\AppData\\Roaming\\npm\\node_modules\\npm\\bin\\npm-cli.js',
1 verbose cli   'run',
1 verbose cli   'android:openfolder' ]
2 info using npm@3.10.10
3 info using node@v8.11.1
4 verbose run-script [ 'preandroid:openfolder',
4 verbose run-script   'android:openfolder',
4 verbose run-script   'postandroid:openfolder' ]
5 info lifecycle picsa-extension-toolkit@1.0.4~preandroid:openfolder: picsa-extension-toolkit@1.0.4
6 silly lifecycle picsa-extension-toolkit@1.0.4~preandroid:openfolder: no script for preandroid:openfolder, continuing
7 info lifecycle picsa-extension-toolkit@1.0.4~android:openfolder: picsa-extension-toolkit@1.0.4
8 verbose lifecycle picsa-extension-toolkit@1.0.4~android:openfolder: unsafe-perm in lifecycle true
9 verbose lifecycle picsa-extension-toolkit@1.0.4~android:openfolder: PATH: C:\Users\chris\AppData\Roaming\npm\node_modules\npm\bin\node-gyp-bin;C:\Apps\stats4sd\Picsa-Extension-Toolkit\node_modules\.bin;C:\Program Files (x86)\Common Files\Oracle\Java\javapath;C:\Program Files (x86)\Intel\iCLS Client\;C:\ProgramData\Oracle\Java\javapath;C:\Program Files\Intel\iCLS Client\;C:\WINDOWS\system32;C:\WINDOWS;C:\WINDOWS\System32\Wbem;C:\WINDOWS\System32\WindowsPowerShell\v1.0\;C:\Program Files\Java\jdk1.8.0_151\bin;C:\Program Files (x86)\Intel\Intel(R) Management Engine Components\DAL;C:\Program Files\Intel\Intel(R) Management Engine Components\DAL;C:\Program Files (x86)\Intel\Intel(R) Management Engine Components\IPT;C:\Program Files\Intel\Intel(R) Management Engine Components\IPT;C:\Program Files (x86)\Yarn\bin\;C:\Users\chris\git\flutter\bin;C:\cygwin64\bin;C:\Program Files\Git\cmd;C:\Program Files\Intel\WiFi\bin\;C:\Program Files\Common Files\Intel\WirelessCommon\;C:\Users\chris\AppData\Roaming\nvm;C:\Program Files\nodejs;C:\WINDOWS\System32\OpenSSH\;C:\Program Files\Microsoft VS Code\bin;C:\Program Files (x86)\MySQL\MySQL Utilities 1.6\;C:\Program Files\Java\jdk1.8.0_151\jre\bin;C:\Ruby24-x64\bin;C:\Users\chris\AppData\Local\Microsoft\WindowsApps;C:\Program Files\Microsoft VS Code\bin;C:\Program Files\Java\jdk1.8.0_151;C:\Program Files\Java\jdk1.8.0_151\bin;C:\Users\chris\AppData\Local\Android\sdk\platform-tools;C:\Users\chris\AppData\Local\Google\Cloud SDK\google-cloud-sdk\bin;C:\Users\chris\AppData\Local\Yarn\bin;C:\Users\chris\AppData\Roaming\npm;C:\Users\chris\AppData\Roaming\nvm;C:\Program Files\nodejs;C:\Users\chris\AppData\Roaming\Dashlane\6.0.3.11395\bin\Firefox_Extension\{442718d9-475e-452a-b3e1-fb1ee16b8e9f}\components;C:\Users\chris\AppData\Roaming\Dashlane\6.0.3.11395\ucrt;C:\Users\chris\AppData\Roaming\Dashlane\6.0.3.11395\bin\Qt;C:\Users\chris\AppData\Roaming\Dashlane\6.0.3.11395\ucrt;C:\Users\chris\AppData\Roaming\Dashlane\6.0.3.11395\bin\Ssl
10 verbose lifecycle picsa-extension-toolkit@1.0.4~android:openfolder: CWD: C:\Apps\stats4sd\Picsa-Extension-Toolkit
11 silly lifecycle picsa-extension-toolkit@1.0.4~android:openfolder: Args: [ '/d /s /c',
11 silly lifecycle   '%SystemRoot%/explorer.exe C:\\Apps\\stats4sd\\Picsa-Extension-Toolkit\\platforms\\android\\app\\build\\outputs\\apk\\armv7\\release' ]
12 silly lifecycle picsa-extension-toolkit@1.0.4~android:openfolder: Returned: code: 1  signal: null
13 info lifecycle picsa-extension-toolkit@1.0.4~android:openfolder: Failed to exec android:openfolder script
14 verbose stack Error: picsa-extension-toolkit@1.0.4 android:openfolder: `%SystemRoot%/explorer.exe C:\Apps\stats4sd\Picsa-Extension-Toolkit\platforms\android\app\build\outputs\apk\armv7\release`
14 verbose stack Exit status 1
14 verbose stack     at EventEmitter.<anonymous> (C:\Users\chris\AppData\Roaming\npm\node_modules\npm\lib\utils\lifecycle.js:255:16)
14 verbose stack     at emitTwo (events.js:126:13)
14 verbose stack     at EventEmitter.emit (events.js:214:7)
14 verbose stack     at ChildProcess.<anonymous> (C:\Users\chris\AppData\Roaming\npm\node_modules\npm\lib\utils\spawn.js:40:14)
14 verbose stack     at emitTwo (events.js:126:13)
14 verbose stack     at ChildProcess.emit (events.js:214:7)
14 verbose stack     at maybeClose (internal/child_process.js:925:16)
14 verbose stack     at Process.ChildProcess._handle.onexit (internal/child_process.js:209:5)
15 verbose pkgid picsa-extension-toolkit@1.0.4
16 verbose cwd C:\Apps\stats4sd\Picsa-Extension-Toolkit
17 error Windows_NT 10.0.17134
18 error argv "C:\\Program Files\\nodejs\\node.exe" "C:\\Users\\chris\\AppData\\Roaming\\npm\\node_modules\\npm\\bin\\npm-cli.js" "run" "android:openfolder"
19 error node v8.11.1
20 error npm  v3.10.10
21 error code ELIFECYCLE
22 error picsa-extension-toolkit@1.0.4 android:openfolder: `%SystemRoot%/explorer.exe C:\Apps\stats4sd\Picsa-Extension-Toolkit\platforms\android\app\build\outputs\apk\armv7\release`
22 error Exit status 1
23 error Failed at the picsa-extension-toolkit@1.0.4 android:openfolder script '%SystemRoot%/explorer.exe C:\Apps\stats4sd\Picsa-Extension-Toolkit\platforms\android\app\build\outputs\apk\armv7\release'.
23 error Make sure you have the latest version of node.js and npm installed.
23 error If you do, this is most likely a problem with the picsa-extension-toolkit package,
23 error not with npm itself.
23 error Tell the author that this fails on your system:
23 error     %SystemRoot%/explorer.exe C:\Apps\stats4sd\Picsa-Extension-Toolkit\platforms\android\app\build\outputs\apk\armv7\release
23 error You can get information on how to open an issue for this project with:
23 error     npm bugs picsa-extension-toolkit
23 error Or if that isn't available, you can get their info via:
23 error     npm owner ls picsa-extension-toolkit
23 error There is likely additional logging output above.
24 verbose exit [ 1, true ]
